<?xml version="1.0" encoding="UTF-8"?>
<testng-results ignored="0" total="2" passed="2" failed="0" skipped="0">
  <reporter-output>
    <line>
      <![CDATA[******************************************Get Data Imported Staretd******************************************]]>
    </line>
    <line>
      <![CDATA[******************************************Get Data Imported Ended******************************************]]>
    </line>
    <line>
      <![CDATA[******************************************initialize Browser Configuration Staretd******************************************]]>
    </line>
    <line>
      <![CDATA[******************************************initialize Browser Configuration Ended******************************************]]>
    </line>
    <line>
      <![CDATA[******************************************Url Open Strated******************************************]]>
    </line>
    <line>
      <![CDATA[******************************************Url Open Ended******************************************]]>
    </line>
    <line>
      <![CDATA[******************************************Folder and File Create Strated******************************************]]>
    </line>
    <line>
      <![CDATA[******************************************Folder Create Strated******************************************]]>
    </line>
    <line>
      <![CDATA[******************************************Folder Create Ended******************************************]]>
    </line>
    <line>
      <![CDATA[******************************************Folder and File Ended******************************************]]>
    </line>
    <line>
      <![CDATA[******************************************Validate Input Value Started******************************************]]>
    </line>
    <line>
      <![CDATA[******************************************Validate Input Value Ended******************************************]]>
    </line>
    <line>
      <![CDATA[******************************************Validate Input Value Started******************************************]]>
    </line>
    <line>
      <![CDATA[******************************************Validate Input Value Ended******************************************]]>
    </line>
    <line>
      <![CDATA[******************************************Sell On MerCari Click Staretd******************************************]]>
    </line>
    <line>
      <![CDATA[******************************************Sell On MerCari Cliked Ended******************************************]]>
    </line>
    <line>
      <![CDATA[******************************************File Upload Using AutoIt Started******************************************]]>
    </line>
    <line>
      <![CDATA[******************************************File Upload Using AutoIt Ended******************************************]]>
    </line>
    <line>
      <![CDATA[******************************************Url Close Started******************************************]]>
    </line>
    <line>
      <![CDATA[******************************************Url Close Ended******************************************]]>
    </line>
    <line>
      <![CDATA[******************************************Get Data Imported Staretd******************************************]]>
    </line>
    <line>
      <![CDATA[******************************************Get Data Imported Ended******************************************]]>
    </line>
    <line>
      <![CDATA[******************************************initialize Browser Configuration Staretd******************************************]]>
    </line>
    <line>
      <![CDATA[******************************************initialize Browser Configuration Ended******************************************]]>
    </line>
    <line>
      <![CDATA[******************************************Url Open Strated******************************************]]>
    </line>
    <line>
      <![CDATA[******************************************Url Open Ended******************************************]]>
    </line>
    <line>
      <![CDATA[******************************************Folder and File Create Strated******************************************]]>
    </line>
    <line>
      <![CDATA[******************************************Folder Create Strated******************************************]]>
    </line>
    <line>
      <![CDATA[******************************************Folder Create Ended******************************************]]>
    </line>
    <line>
      <![CDATA[******************************************Folder and File Ended******************************************]]>
    </line>
    <line>
      <![CDATA[******************************************Validate Input Value Started******************************************]]>
    </line>
    <line>
      <![CDATA[******************************************Validate Input Value Ended******************************************]]>
    </line>
    <line>
      <![CDATA[******************************************Validate Input Value Started******************************************]]>
    </line>
    <line>
      <![CDATA[******************************************Validate Input Value Ended******************************************]]>
    </line>
    <line>
      <![CDATA[******************************************Sell On MerCari Click Staretd******************************************]]>
    </line>
    <line>
      <![CDATA[******************************************Sell On MerCari Cliked Ended******************************************]]>
    </line>
    <line>
      <![CDATA[******************************************File Upload Using AutoIt Started******************************************]]>
    </line>
    <line>
      <![CDATA[******************************************File Upload Using AutoIt Ended******************************************]]>
    </line>
    <line>
      <![CDATA[******************************************Url Close Started******************************************]]>
    </line>
    <line>
      <![CDATA[******************************************Url Close Ended******************************************]]>
    </line>
  </reporter-output>
  <suite started-at="2020-01-10T15:26:53 EST" name="Suite" finished-at="2020-01-10T15:29:12 EST" duration-ms="139162">
    <groups>
    </groups>
    <test started-at="2020-01-10T15:26:53 EST" name="Test" finished-at="2020-01-10T15:29:12 EST" duration-ms="139162">
      <class name="TestCase.Post">
        <test-method is-config="true" signature="Log()[pri:0, instance:TestCase.Post@42039326]" started-at="2020-01-10T15:26:53 EST" name="Log" finished-at="2020-01-10T15:27:24 EST" duration-ms="30378" status="PASS">
          <reporter-output>
            <line>
              <![CDATA[******************************************Get Data Imported Staretd******************************************]]>
            </line>
            <line>
              <![CDATA[******************************************Get Data Imported Ended******************************************]]>
            </line>
            <line>
              <![CDATA[******************************************initialize Browser Configuration Staretd******************************************]]>
            </line>
            <line>
              <![CDATA[******************************************initialize Browser Configuration Ended******************************************]]>
            </line>
            <line>
              <![CDATA[******************************************Url Open Strated******************************************]]>
            </line>
            <line>
              <![CDATA[******************************************Url Open Ended******************************************]]>
            </line>
            <line>
              <![CDATA[******************************************Folder and File Create Strated******************************************]]>
            </line>
            <line>
              <![CDATA[******************************************Folder Create Strated******************************************]]>
            </line>
            <line>
              <![CDATA[******************************************Folder Create Ended******************************************]]>
            </line>
            <line>
              <![CDATA[******************************************Folder and File Ended******************************************]]>
            </line>
            <line>
              <![CDATA[******************************************Validate Input Value Started******************************************]]>
            </line>
            <line>
              <![CDATA[******************************************Validate Input Value Ended******************************************]]>
            </line>
            <line>
              <![CDATA[******************************************Validate Input Value Started******************************************]]>
            </line>
            <line>
              <![CDATA[******************************************Validate Input Value Ended******************************************]]>
            </line>
            <line>
              <![CDATA[******************************************Sell On MerCari Click Staretd******************************************]]>
            </line>
            <line>
              <![CDATA[******************************************Sell On MerCari Cliked Ended******************************************]]>
            </line>
          </reporter-output>
        </test-method> <!-- Log -->
        <test-method signature="Lcd7PlusPost()[pri:0, instance:TestCase.Post@42039326]" started-at="2020-01-10T15:27:24 EST" name="Lcd7PlusPost" finished-at="2020-01-10T15:28:01 EST" duration-ms="36850" status="PASS">
          <reporter-output>
            <line>
              <![CDATA[******************************************File Upload Using AutoIt Started******************************************]]>
            </line>
            <line>
              <![CDATA[******************************************File Upload Using AutoIt Ended******************************************]]>
            </line>
          </reporter-output>
        </test-method> <!-- Lcd7PlusPost -->
        <test-method is-config="true" signature="urlClose()[pri:0, instance:TestCase.Post@42039326]" started-at="2020-01-10T15:28:01 EST" name="urlClose" finished-at="2020-01-10T15:28:01 EST" duration-ms="143" status="PASS">
          <reporter-output>
            <line>
              <![CDATA[******************************************Url Close Started******************************************]]>
            </line>
            <line>
              <![CDATA[******************************************Url Close Ended******************************************]]>
            </line>
          </reporter-output>
        </test-method> <!-- urlClose -->
        <test-method is-config="true" signature="Log()[pri:0, instance:TestCase.Post@42039326]" started-at="2020-01-10T15:28:01 EST" name="Log" finished-at="2020-01-10T15:28:31 EST" duration-ms="30292" status="PASS">
          <reporter-output>
            <line>
              <![CDATA[******************************************Get Data Imported Staretd******************************************]]>
            </line>
            <line>
              <![CDATA[******************************************Get Data Imported Ended******************************************]]>
            </line>
            <line>
              <![CDATA[******************************************initialize Browser Configuration Staretd******************************************]]>
            </line>
            <line>
              <![CDATA[******************************************initialize Browser Configuration Ended******************************************]]>
            </line>
            <line>
              <![CDATA[******************************************Url Open Strated******************************************]]>
            </line>
            <line>
              <![CDATA[******************************************Url Open Ended******************************************]]>
            </line>
            <line>
              <![CDATA[******************************************Folder and File Create Strated******************************************]]>
            </line>
            <line>
              <![CDATA[******************************************Folder Create Strated******************************************]]>
            </line>
            <line>
              <![CDATA[******************************************Folder Create Ended******************************************]]>
            </line>
            <line>
              <![CDATA[******************************************Folder and File Ended******************************************]]>
            </line>
            <line>
              <![CDATA[******************************************Validate Input Value Started******************************************]]>
            </line>
            <line>
              <![CDATA[******************************************Validate Input Value Ended******************************************]]>
            </line>
            <line>
              <![CDATA[******************************************Validate Input Value Started******************************************]]>
            </line>
            <line>
              <![CDATA[******************************************Validate Input Value Ended******************************************]]>
            </line>
            <line>
              <![CDATA[******************************************Sell On MerCari Click Staretd******************************************]]>
            </line>
            <line>
              <![CDATA[******************************************Sell On MerCari Cliked Ended******************************************]]>
            </line>
          </reporter-output>
        </test-method> <!-- Log -->
        <test-method signature="Lcd7Post()[pri:0, instance:TestCase.Post@42039326]" started-at="2020-01-10T15:28:31 EST" name="Lcd7Post" finished-at="2020-01-10T15:29:08 EST" duration-ms="37360" status="PASS">
          <reporter-output>
            <line>
              <![CDATA[******************************************File Upload Using AutoIt Started******************************************]]>
            </line>
            <line>
              <![CDATA[******************************************File Upload Using AutoIt Ended******************************************]]>
            </line>
          </reporter-output>
        </test-method> <!-- Lcd7Post -->
        <test-method is-config="true" signature="urlClose()[pri:0, instance:TestCase.Post@42039326]" started-at="2020-01-10T15:29:08 EST" name="urlClose" finished-at="2020-01-10T15:29:12 EST" duration-ms="4090" status="PASS">
          <reporter-output>
            <line>
              <![CDATA[******************************************Url Close Started******************************************]]>
            </line>
            <line>
              <![CDATA[******************************************Url Close Ended******************************************]]>
            </line>
          </reporter-output>
        </test-method> <!-- urlClose -->
      </class> <!-- TestCase.Post -->
    </test> <!-- Test -->
  </suite> <!-- Suite -->
</testng-results>
